C:\USERS\ANDREW\DESKTOP\APEXENGINE_CPP_012716\VS14\APEX_ENGINE\RELEASE\ASSETMANAGER.OBJ
C:\USERS\ANDREW\DESKTOP\APEXENGINE_CPP_012716\VS14\APEX_ENGINE\RELEASE\BOUNDINGBOX.OBJ
C:\Users\andrew\Desktop\ApexEngine_Cpp_012716\vs14\apex_engine\Release\cl.command.1.tlog
C:\Users\andrew\Desktop\ApexEngine_Cpp_012716\vs14\apex_engine\Release\CL.read.1.tlog
C:\Users\andrew\Desktop\ApexEngine_Cpp_012716\vs14\apex_engine\Release\CL.write.1.tlog
C:\USERS\ANDREW\DESKTOP\APEXENGINE_CPP_012716\VS14\APEX_ENGINE\RELEASE\GEOMETRY.OBJ
C:\Users\andrew\Desktop\ApexEngine_Cpp_012716\vs14\apex_engine\Release\lib.command.1.tlog
C:\Users\andrew\Desktop\ApexEngine_Cpp_012716\vs14\apex_engine\Release\Lib-link.read.1.tlog
C:\Users\andrew\Desktop\ApexEngine_Cpp_012716\vs14\apex_engine\Release\Lib-link.write.1.tlog
C:\USERS\ANDREW\DESKTOP\APEXENGINE_CPP_012716\VS14\APEX_ENGINE\RELEASE\MATERIAL.OBJ
C:\USERS\ANDREW\DESKTOP\APEXENGINE_CPP_012716\VS14\APEX_ENGINE\RELEASE\MATH_UTIL.OBJ
C:\USERS\ANDREW\DESKTOP\APEXENGINE_CPP_012716\VS14\APEX_ENGINE\RELEASE\MESH.OBJ
C:\USERS\ANDREW\DESKTOP\APEXENGINE_CPP_012716\VS14\APEX_ENGINE\RELEASE\POINTLIGHT.OBJ
C:\USERS\ANDREW\DESKTOP\APEXENGINE_CPP_012716\VS14\APEX_ENGINE\RELEASE\RENDERMANAGER.OBJ
C:\USERS\ANDREW\DESKTOP\APEXENGINE_CPP_012716\VS14\APEX_ENGINE\RELEASE\SHADER.OBJ
C:\USERS\ANDREW\DESKTOP\APEXENGINE_CPP_012716\VS14\APEX_ENGINE\RELEASE\SHADERMANAGER.OBJ
C:\USERS\ANDREW\DESKTOP\APEXENGINE_CPP_012716\VS14\APEX_ENGINE\RELEASE\TEXTURE2D.OBJ
C:\USERS\ANDREW\DESKTOP\APEXENGINE_CPP_012716\VS14\APEX_ENGINE\RELEASE\VC100.PDB
C:\USERS\ANDREW\DESKTOP\APEXENGINE_CPP_012716\VS14\APEX_ENGINE\RELEASE\VECTOR2F.OBJ
C:\USERS\ANDREW\DESKTOP\APEXENGINE_CPP_012716\VS14\APEX_ENGINE\RELEASE\VECTOR3F.OBJ
C:\USERS\ANDREW\DESKTOP\APEXENGINE_CPP_012716\VS14\APEX_ENGINE\RELEASE\VECTOR4F.OBJ
C:\USERS\ANDREW\DESKTOP\APEXENGINE_CPP_012716\VS14\APEX_ENGINE\RELEASE\VERTEXATTRIBUTES.OBJ
C:\USERS\ANDREW\DESKTOP\APEXENGINE_CPP_012716\VS14\RELEASE\APEX_ENGINE_LIB.LIB
C:\USERS\USER\DOCUMENTS\VISUAL STUDIO 2015\PROJECTS\LIB_TEST\VS14\APEX_ENGINE\RELEASE\VC100.PDB
C:\USERS\USER\DOCUMENTS\VISUAL STUDIO 2015\PROJECTS\LIB_TEST\VS14\RELEASE\APEX_ENGINE_LIB.LIB
