C:\Users\User\Documents\Visual Studio 2015\Projects\lib_test\vs14\apex_engine\Debug\cl.command.1.tlog
C:\Users\User\Documents\Visual Studio 2015\Projects\lib_test\vs14\apex_engine\Debug\CL.read.1.tlog
C:\Users\User\Documents\Visual Studio 2015\Projects\lib_test\vs14\apex_engine\Debug\CL.write.1.tlog
C:\Users\User\Documents\Visual Studio 2015\Projects\lib_test\vs14\apex_engine\Debug\lib.command.1.tlog
C:\Users\User\Documents\Visual Studio 2015\Projects\lib_test\vs14\apex_engine\Debug\Lib-link.read.1.tlog
C:\Users\User\Documents\Visual Studio 2015\Projects\lib_test\vs14\apex_engine\Debug\Lib-link.write.1.tlog
C:\USERS\USER\DOCUMENTS\VISUAL STUDIO 2015\PROJECTS\LIB_TEST\VS14\APEX_ENGINE\DEBUG\MATERIAL.OBJ
C:\USERS\USER\DOCUMENTS\VISUAL STUDIO 2015\PROJECTS\LIB_TEST\VS14\APEX_ENGINE\DEBUG\MATH_UTIL.OBJ
C:\USERS\USER\DOCUMENTS\VISUAL STUDIO 2015\PROJECTS\LIB_TEST\VS14\APEX_ENGINE\DEBUG\MESH.OBJ
C:\USERS\USER\DOCUMENTS\VISUAL STUDIO 2015\PROJECTS\LIB_TEST\VS14\APEX_ENGINE\DEBUG\POINTLIGHT.OBJ
C:\USERS\USER\DOCUMENTS\VISUAL STUDIO 2015\PROJECTS\LIB_TEST\VS14\APEX_ENGINE\DEBUG\RENDERMANAGER.OBJ
C:\USERS\USER\DOCUMENTS\VISUAL STUDIO 2015\PROJECTS\LIB_TEST\VS14\APEX_ENGINE\DEBUG\SHADER.OBJ
C:\USERS\USER\DOCUMENTS\VISUAL STUDIO 2015\PROJECTS\LIB_TEST\VS14\APEX_ENGINE\DEBUG\TEXTURE2D.OBJ
C:\Users\User\Documents\Visual Studio 2015\Projects\lib_test\vs14\apex_engine\Debug\vc100.idb
C:\USERS\USER\DOCUMENTS\VISUAL STUDIO 2015\PROJECTS\LIB_TEST\VS14\APEX_ENGINE\DEBUG\VC100.PDB
C:\USERS\USER\DOCUMENTS\VISUAL STUDIO 2015\PROJECTS\LIB_TEST\VS14\APEX_ENGINE\DEBUG\VECTOR2F.OBJ
C:\USERS\USER\DOCUMENTS\VISUAL STUDIO 2015\PROJECTS\LIB_TEST\VS14\APEX_ENGINE\DEBUG\VECTOR3F.OBJ
C:\USERS\USER\DOCUMENTS\VISUAL STUDIO 2015\PROJECTS\LIB_TEST\VS14\APEX_ENGINE\DEBUG\VECTOR4F.OBJ
C:\USERS\USER\DOCUMENTS\VISUAL STUDIO 2015\PROJECTS\LIB_TEST\VS14\APEX_ENGINE\DEBUG\VERTEXATTRIBUTES.OBJ
C:\USERS\USER\DOCUMENTS\VISUAL STUDIO 2015\PROJECTS\LIB_TEST\VS14\DEBUG\APEX_ENGINE_LIB.LIB
